<?xml version="1.0" encoding="UTF-8"?>
<!-- Generated by org.testng.reporters.JUnitReportReporter -->
<testsuite skipped="0" hostname="WIN-IKTQNR930W" name="JenkinsPractice.Jenkins_Practice.JekinsGitHub" tests="1" failures="0" timestamp="2020-05-09T18:46:56 CDT" time="0.026" errors="0">
  <testcase name="Sum" time="0.026" classname="JenkinsPractice.Jenkins_Practice.JekinsGitHub"/>
</testsuite> <!-- JenkinsPractice.Jenkins_Practice.JekinsGitHub -->
